<?xml version="1.0" encoding="UTF-8"?>
<!-- Generated by org.testng.reporters.JUnitReportReporter -->
<testsuite hostname="Hemant-Payal" failures="0" tests="2" name="contactPackage.ContactTest" time="0.017" errors="0" timestamp="2025-01-10T10:00:30 IST" skipped="0">
  <testcase classname="contactPackage.ContactTest" name="modifyContact" time="0.002"/>
  <testcase classname="contactPackage.ContactTest" name="createContact" time="0.015"/>
</testsuite> <!-- contactPackage.ContactTest -->
