<?xml version="1.0" encoding="UTF-8"?>
<!-- Generated by org.testng.reporters.JUnitReportReporter -->
<testsuite hostname="Hemant-Payal" failures="0" tests="2" name="orgPackage.orgTest" time="0.003" errors="0" timestamp="2025-01-10T10:00:30 IST" skipped="0">
  <testcase classname="orgPackage.orgTest" name="modifyOrg" time="0.002"/>
  <testcase classname="orgPackage.orgTest" name="createOrg" time="0.001"/>
</testsuite> <!-- orgPackage.orgTest -->
