<?xml version="1.0" encoding="UTF-8"?>
<!-- Generated by org.testng.reporters.JUnitReportReporter -->
<testsuite hostname="Hemant-Payal" failures="0" tests="1" name="contactPackage.ContactTest" time="0.008" errors="0" timestamp="2025-01-10T10:09:32 IST" skipped="0">
  <testcase classname="contactPackage.ContactTest" name="modifyContact" time="0.008"/>
</testsuite> <!-- contactPackage.ContactTest -->
